CS240: lab6. cashburn Sat Apr 4 20:40:55 CDT 2015  Total:  8 of 12

CS240: lab6. cashburn Sat Apr 4 21:35:31 CDT 2015  Total:  8 of 12

CS240: lab6. cashburn Sat Apr 4 21:48:46 CDT 2015  Total:  8 of 12

CS240: lab6. cashburn Sat Apr 4 21:57:15 CDT 2015  Total:  12 of 12

CS240: lab6. cashburn Tue Apr 7 09:29:55 EDT 2015  Total:  12 of 12

CS240: lab6. cashburn Tue Apr 7 10:04:50 EDT 2015  Total:  12 of 12

CS240: lab6. cashburn Tue Apr 7 10:11:43 EDT 2015  Total:  12 of 12

CS240: lab6. cashburn Tue Apr 7 11:18:10 EDT 2015  Total:  12 of 12

CS240: lab6. cashburn Mon Apr 13 18:52:13 EDT 2015  Total:  12 of 62

CS240: lab6. cashburn Mon Apr 13 19:01:32 EDT 2015  Total:  12 of 62

CS240: lab6. cashburn Tue Apr 14 10:33:50 EDT 2015  Total:  32 of 62

CS240: lab6. cashburn Tue Apr 14 10:36:10 EDT 2015  Total:  32 of 62

CS240: lab6. cashburn Tue Apr 14 10:41:45 EDT 2015  Total:  32 of 62

CS240: lab6. cashburn Tue Apr 14 10:49:17 EDT 2015  Total:  42 of 62

CS240: lab6. cashburn Tue Apr 14 10:51:11 EDT 2015  Total:  42 of 62

CS240: lab6. cashburn Tue Apr 14 10:54:46 EDT 2015  Total:  42 of 62

CS240: lab6. cashburn Tue Apr 14 11:01:34 EDT 2015  Total:  27 of 62

<<<<<<< HEAD
CS240: lab6. cashburn Tue Apr 14 12:09:29 EDT 2015  Total:  27 of 62
=======
CS240: lab6. cashburn Tue Apr 14 11:58:57 EDT 2015  Total:  27 of 62

CS240: lab6. cashburn Tue Apr 14 12:00:22 EDT 2015  Total:  27 of 62

CS240: lab6. cashburn Tue Apr 14 12:43:33 EDT 2015  Total:  42 of 62

CS240: lab6. cashburn Tue Apr 14 12:47:28 EDT 2015  Total:  47 of 62

CS240: lab6. cashburn Tue Apr 14 12:54:06 EDT 2015  Total:  62 of 62
>>>>>>> 58c14da4a528c9870773c03cf05de80eae710854

CS240: lab6. cashburn Tue Apr 14 14:37:14 EDT 2015  Total:  62 of 62

CS240: lab6. cashburn Fri Apr 17 15:03:13 EDT 2015  Total:  62 of 62

CS240: lab6. cashburn Sun Apr 19 12:09:11 EDT 2015  Total:  57 of 62

CS240: lab6. cashburn Sun Apr 19 12:10:40 EDT 2015  Total:  62 of 62

CS240: lab6. cashburn Sun Apr 26 15:51:50 EDT 2015  Total:  62 of 62

