[master ba7e1e7] otal of otalmax
 6 files changed, 4 deletions(-)
 rename labs/lab6-src/{diff.out => .local.git.out} (100%)
 rewrite labs/lab6-src/HashTableVoidTest (96%)
 rewrite labs/lab6-src/IRCServer (89%)
 delete mode 100644 labs/lab6-src/prog.org.out
 delete mode 100644 labs/lab6-src/prog.out
 delete mode 100644 labs/lab6-src/total.out
[master e425f2d] 8 of 12
 6 files changed, 14 insertions(+)
 create mode 100644 labs/lab6-src/.local.total.out
 create mode 100644 labs/lab6-src/diff.out
 create mode 100644 labs/lab6-src/prog.org.out
 create mode 100644 labs/lab6-src/prog.out
 create mode 100644 labs/lab6-src/total.out
[master 383fb7c] otal of otalmax
 8 files changed, 27 insertions(+), 22 deletions(-)
 rewrite labs/lab6-src/HashTableVoidTest (64%)
 delete mode 100644 labs/lab6-src/diff.out
 delete mode 100644 labs/lab6-src/prog.org.out
 delete mode 100644 labs/lab6-src/prog.out
 delete mode 100644 labs/lab6-src/total.out
[master abc4993] 8 of 12
 6 files changed, 13 insertions(+)
 create mode 100644 labs/lab6-src/diff.out
 create mode 100644 labs/lab6-src/prog.org.out
 create mode 100644 labs/lab6-src/prog.out
 create mode 100644 labs/lab6-src/total.out
