CS240: lab5. cashburn Tue Mar 17 09:48:33 CDT 2015  Total:  15 of 100

CS240: lab5. cashburn Wed Mar 18 20:44:36 CDT 2015  Total:  15 of 100

CS240: lab5. cashburn Wed Mar 18 21:02:56 CDT 2015  Total:  15 of 100

CS240: lab5. cashburn Wed Mar 18 21:03:23 CDT 2015  Total:  15 of 100

CS240: lab5. cashburn Wed Mar 18 21:04:45 CDT 2015  Total:  15 of 100

CS240: lab5. cashburn Wed Mar 18 21:17:24 CDT 2015  Total:  15 of 100

CS240: lab5. cashburn Wed Mar 18 21:51:19 CDT 2015  Total:  15 of 100

CS240: lab5. cashburn Wed Mar 18 23:16:44 CDT 2015  Total:  20 of 100

CS240: lab5. cashburn Wed Mar 18 23:29:15 CDT 2015  Total:  25 of 100

CS240: lab5. cashburn Fri Mar 20 09:53:20 CDT 2015  Total:  25 of 100

CS240: lab5. cashburn Fri Mar 20 09:53:25 CDT 2015  Total:  25 of 100

CS240: lab5. cashburn Fri Mar 20 10:05:25 CDT 2015  Total:  25 of 100

CS240: lab5. cashburn Fri Mar 20 10:11:26 CDT 2015  Total:  25 of 100

CS240: lab5. cashburn Fri Mar 20 10:19:56 CDT 2015  Total:  30 of 100

CS240: lab5. cashburn Fri Mar 20 11:24:19 CDT 2015  Total:  30 of 100

CS240: lab5. cashburn Fri Mar 20 11:26:51 CDT 2015  Total:  30 of 100

CS240: lab5. cashburn Fri Mar 20 11:43:00 CDT 2015  Total:  30 of 100

CS240: lab5. cashburn Fri Mar 20 11:44:18 CDT 2015  Total:  30 of 100

CS240: lab5. cashburn Fri Mar 20 11:50:04 CDT 2015  Total:  40 of 100

CS240: lab5. cashburn Sat Mar 21 17:27:09 CDT 2015  Total:  40 of 100

CS240: lab5. cashburn Sat Mar 21 18:12:45 CDT 2015  Total:  40 of 100

CS240: lab5. cashburn Sat Mar 21 18:13:15 CDT 2015  Total:  62 of 100

CS240: lab5. cashburn Sat Mar 21 19:22:34 CDT 2015  Total:  62 of 100

CS240: lab5. cashburn Sat Mar 21 19:51:30 CDT 2015  Total:  62 of 100

CS240: lab5. cashburn Sun Mar 22 17:14:39 CDT 2015  Total:  62 of 100

CS240: lab5. cashburn Sun Mar 22 17:26:41 CDT 2015  Total:  62 of 100

CS240: lab5. cashburn Sun Mar 22 17:50:59 CDT 2015  Total:  72 of 100

CS240: lab5. cashburn Sun Mar 22 17:54:49 CDT 2015  Total:  72 of 100

CS240: lab5. cashburn Sun Mar 22 18:26:09 CDT 2015  Total:  62 of 100

CS240: lab5. cashburn Sun Mar 22 18:28:01 CDT 2015  Total:  72 of 100

CS240: lab5. cashburn Sun Mar 22 18:33:59 CDT 2015  Total:  87 of 100

CS240: lab5. cashburn Sun Mar 22 18:37:24 CDT 2015  Total:  79 of 100

CS240: lab5. cashburn Sun Mar 22 18:42:51 CDT 2015  Total:  90 of 100

CS240: lab5. cashburn Sun Mar 22 18:53:50 CDT 2015  Total:  90 of 100

CS240: lab5. cashburn Sun Mar 22 18:56:21 CDT 2015  Total:  90 of 100

CS240: lab5. cashburn Sun Mar 22 18:57:49 CDT 2015  Total:  90 of 100

CS240: lab5. cashburn Sun Mar 22 18:58:23 CDT 2015  Total:  90 of 100

CS240: lab5. cashburn Sun Mar 22 21:33:36 EDT 2015  Total:  90 of 100

CS240: lab5. cashburn Tue Mar 24 09:31:32 EDT 2015  Total:  90 of 100

CS240: lab5. cashburn Tue Mar 24 09:36:08 EDT 2015  Total:  90 of 140

CS240: lab5. cashburn Tue Mar 24 09:54:50 EDT 2015  Total:  90 of 140

