[master afa7f9c] 15 of 100
 8 files changed, 3 insertions(+), 1 deletion(-)
 create mode 100644 labs/lab5-src/.local.git.out
 create mode 100644 labs/lab5-src/.local.total.out
 rewrite labs/lab5-src/countwords (79%)
 rewrite labs/lab5-src/isbalanced (77%)
 create mode 100644 labs/lab5-src/mystring.o
 rewrite labs/lab5-src/test_mystring (76%)
 rewrite labs/lab5-src/test_slist (73%)
[master 8756fe9] 15 of 100
 3 files changed, 12 insertions(+), 1 deletion(-)
[master 1a4dfd6] 15 of 100
 3 files changed, 5 insertions(+), 1 deletion(-)
[master cca4e9f] 15 of 100
 4 files changed, 6 insertions(+), 2 deletions(-)
[master fb3a702] 15 of 100
 8 files changed, 53 insertions(+), 21 deletions(-)
 rewrite labs/lab5-src/mystring.o (78%)
[master 6cd1ad7] 15 of 100
 8 files changed, 18 insertions(+), 14 deletions(-)
 rewrite labs/lab5-src/mystring.o (77%)
[master 8a5bbd1] 15 of 100
 7 files changed, 8 insertions(+), 3 deletions(-)
 rewrite labs/lab5-src/mystring.o (75%)
[master 704839a] 20 of 100
 11 files changed, 107 insertions(+), 81 deletions(-)
 rewrite labs/lab5-src/mystring.o (78%)
 rewrite labs/lab5-src/test_slist (70%)
[master 58f4ae8] 25 of 100
 7 files changed, 16 insertions(+), 61 deletions(-)
[master fbf0ab7] 25 of 100
 6 files changed, 31 insertions(+), 16 deletions(-)
[master 2092739] 25 of 100
 3 files changed, 5 insertions(+), 1 deletion(-)
[master 1a1de62] 25 of 100
 5 files changed, 13 insertions(+), 11 deletions(-)
[master e928465] 25 of 100
 5 files changed, 6 insertions(+), 1 deletion(-)
[master ae48981] 30 of 100
 6 files changed, 9 insertions(+), 3 deletions(-)
[master 471eb2c] 30 of 100
 5 files changed, 37 insertions(+), 4 deletions(-)
[master dc138c5] 30 of 100
 5 files changed, 7 insertions(+), 1 deletion(-)
