cosmos 1
a 6
spacetime 1
odyssey 1
is 5
american 1
science 2
documentary 1
television 5
series 12
the 23
show 4
follow 1
up 1
to 4
cosmos 1
a 1
personal 1
voyage 1
which 1
was 3
presented 2
by 5
carl 1
sagan 1
on 5
public 1
broadcasting 1
service 1
and 10
considered 1
milestone 1
for 1
scientific 2
documentaries 1
this 1
developed 1
bring 1
back 1
foundation 1
of 7
network 1
at 1
height 1
other 2
based 1
films 1
the 1
astrophysicist 1
neil 1
degrasse 1
tyson 1
who 1
as 2
young 1
college 1
student 1
inspired 1
sagan 1
among 1
executive 1
producers 1
are 1
seth 1
macfarlane 1
whose 1
clout 1
financial 1
investment 1
were 1
instrumental 1
in 3
bringing 1
broadcast 1
ann 1
druyan 1
sagan 1
s 1
widow 1
co 1
creator 1
original 2
the 1
loosely 1
follows 1
same 1
thirteen 1
episode 1
format 1
storytelling 1
approach 1
that 1
cosmos 1
used 1
including 1
elements 1
such 1
ship 1
imagination 1
cosmic 1
calendar 1
but 1
features 1
information 1
updated 1
since 1
along 1
with 4
extensive 1
computer 1
generated 1
graphics 1
animation 1
footage 1
augmenting 1
narration 1
the 1
produced 1
brannon 1
braga 1
alan 1
silvestri 1
provides 1
backing 1
score 1
the 1
premiered 1
march 1
simultaneously 1
us 1
across 1
ten 1
st 1
century 1
fox 1
networks 1
the 1
remainder 1
aired 1
fox 1
network 1
national 1
geographic 1
channel 1
rebroadcasting 1
episodes 1
next 1
night 1
extra 1
content 1
the 1
has 1
been 1
rebroadcast 1
internationally 1
dozens 1
countries 1
local 1
national 1
geographic 1
fox 1
stations 1
the 1
concluded 1
june 1
home 1
media 1
release 1
entire 1
june 1
