1,5c1,5
< [ 5
< ] 5
< ][ 1
< a 6
< a 1
---
> a 7
> across 1
> aired 1
> alan 1
> along 1
7,18d6
< cosmos 1
< documentary 1
< cosmos 1
< by 5
< carl 1
< broadcasting 1
< and 10
< considered 1
< back 1
< bring 1
< at 1
< based 1
20,29c8,9
< as 2
< astrophysicist 1
< are 1
< degrasse 1
< developed 1
< documentaries 1
< clout 1
< college 1
< bringing 1
< broadcast 1
---
> and 10
> animation 1
32,45c12,15
< films 1
< follow 1
< for 1
< foundation 1
< executive 1
< druyan 1
< calendar 1
< co 1
< cosmic 1
< cosmos 1
< creator 1
< but 1
< along 1
< animation 1
---
> are 1
> as 2
> astrophysicist 1
> at 1
47c17,20
< computer 1
---
> back 1
> backing 1
> based 1
> been 1
50,53c23,30
< alan 1
< backing 1
< across 1
< aired 1
---
> bring 1
> bringing 1
> broadcast 1
> broadcasting 1
> but 1
> by 5
> calendar 1
> carl 1
55a33,38
> clout 1
> co 1
> college 1
> computer 1
> concluded 1
> considered 1
57c40,58
< been 1
---
> cosmic 1
> cosmos 3
> countries 1
> creator 1
> degrasse 1
> developed 1
> documentaries 1
> documentary 1
> dozens 1
> druyan 1
> elements 1
> entire 1
> episode 1
> episodes 1
> executive 1
> extensive 1
> extra 1
> features 1
> films 1
58a60
> follow 1
60c62,63
< episode 1
---
> footage 1
> for 1
62,66c65,66
< elements 1
< features 1
< extensive 1
< is 5
< height 1
---
> foundation 1
> fox 3
67a68
> geographic 2
69,77c70,73
< footage 1
< fox 1
< fox 1
< episodes 1
< extra 1
< dozens 1
< concluded 1
< countries 1
< geographic 1
---
> has 1
> height 1
> home 1
> imagination 1
79a76
> information 1
82,88d78
< investment 1
< imagination 1
< information 1
< has 1
< geographic 1
< fox 1
< entire 1
90,103c80,83
< home 1
< june 1
< june 1
< milestone 1
< odyssey 1
< personal 1
< presented 2
< on 5
< public 1
< of 7
< network 1
< other 2
< neil 1
< macfarlane 1
---
> investment 1
> is 5
> june 2
> local 1
105,107c85
< producers 1
< original 2
< narration 1
---
> macfarlane 1
109,112c87,92
< local 1
< national 1
< national 1
< network 1
---
> media 1
> milestone 1
> narration 1
> national 2
> neil 1
> network 2
116c96,101
< media 1
---
> odyssey 1
> of 7
> on 5
> original 2
> other 2
> personal 1
117a103
> presented 2
118a105
> producers 1
119a107,114
> public 1
> rebroadcast 1
> rebroadcasting 1
> release 1
> remainder 1
> s 1
> sagan 3
> same 1
121,128d115
< spacetime 1
< television 5
< series 12
< the 23
< show 4
< up 1
< to 4
< sagan 1
129a117,118
> score 1
> series 12
131,136d119
< the 1
< this 1
< tyson 1
< s 1
< sagan 1
< sagan 1
138,143d120
< student 1
< the 1
< same 1
< thirteen 1
< storytelling 1
< that 1
145,151c122
< since 1
< such 1
< voyage 1
< updated 1
< used 1
< the 1
< score 1
---
> show 4
153d123
< the 1
155,156c125,126
< us 1
< ten 1
---
> since 1
> spacetime 1
158,162d127
< rebroadcast 1
< rebroadcasting 1
< remainder 1
< the 1
< the 1
164,165c129,144
< release 1
< the 1
---
> storytelling 1
> student 1
> such 1
> television 5
> ten 1
> that 1
> the 30
> thirteen 1
> this 1
> to 4
> tyson 1
> up 1
> updated 1
> us 1
> used 1
> voyage 1
