[master 19eb8e2] Make IRCclient
 3 files changed, 2 insertions(+), 2 deletions(-)
 create mode 100644 labs/lab7-src/.local.git.out
 create mode 100755 labs/lab7-src/talk-client
[master 69facac] Make IRCclient
 4 files changed, 299 insertions(+), 1 deletion(-)
 create mode 100755 labs/lab7-src/packbox
 create mode 100644 labs/lab7-src/packbox.c
[master 5302ead] Make IRCclient
 5 files changed, 158 insertions(+), 9 deletions(-)
 rewrite labs/lab7-src/panned (92%)
 rewrite labs/lab7-src/talk-client (91%)
[master b25fa17] Make IRCclient
 6 files changed, 186 insertions(+), 10 deletions(-)
 rewrite labs/lab7-src/windows (75%)
 create mode 100644 labs/lab7-src/windowstest.c
[master 7f9fc3a] Make IRCclient
 7 files changed, 87 insertions(+), 27 deletions(-)
 rewrite labs/lab7-src/talk-client (70%)
 create mode 100755 labs/lab7-src/windowstest
[master 4630f68] Make IRCclient
 4 files changed, 5 insertions(+), 2 deletions(-)
[master e49dd47] Make IRCclient
 4 files changed, 19 insertions(+), 2 deletions(-)
 create mode 100644 labs/lab6-src/password.txt
 rewrite labs/lab7-src/talk-client (70%)
